Using pre-set license
Built from '2020.3/release' branch; Version is '2020.3.7f1 (dd97f2c94397) revision 14522354'; Using compiler version '192528614'; Build Type 'Release'
OS: 'Windows 10 Home; OS build 19042.985; Version 2009; 64bit' Language: 'en' Physical Memory: 8067 MB
BatchMode: 1, IsHumanControllingUs: 0, StartBugReporterOnCrash: 0, Is64bit: 1, IsPro: 0

 COMMAND LINE ARGUMENTS:
C:\Program Files\Unity\Hub\Editor\2020.3.7f1\Editor\Unity.exe
-adb2
-batchMode
-noUpm
-name
AssetImportWorker0
-projectPath
C:/Users/joels/Desktop/Github Repos/Spirit-In-Me
-logFile
Logs/AssetImportWorker0.log
-srvPort
56442
Successfully changed project path to: C:/Users/joels/Desktop/Github Repos/Spirit-In-Me
C:/Users/joels/Desktop/Github Repos/Spirit-In-Me
Using Asset Import Pipeline V2.
Refreshing native plugins compatible for Editor in 93.98 ms, found 0 plugins.
Preloading 0 native plugins for Editor in 0.00 ms.
Initialize engine version: 2020.3.7f1 (dd97f2c94397)
[Subsystems] Discovering subsystems at path C:/Program Files/Unity/Hub/Editor/2020.3.7f1/Editor/Data/Resources/UnitySubsystems
[Subsystems] Discovering subsystems at path C:/Users/joels/Desktop/Github Repos/Spirit-In-Me/Assets
GfxDevice: creating device client; threaded=0
Direct3D:
    Version:  Direct3D 11.0 [level 11.0]
    Renderer: AMD Radeon HD 7600M Series (ID=0x6840)
    Vendor:   
    VRAM:     1004 MB
    Driver:   15.201.1151.1008
Shader 'Universal Render Pipeline/Particles/Lit': fallback shader 'Universal Render Pipeline/Particles/SimpleLit' not found
Initialize mono
Mono path[0] = 'C:/Program Files/Unity/Hub/Editor/2020.3.7f1/Editor/Data/Managed'
Mono path[1] = 'C:/Program Files/Unity/Hub/Editor/2020.3.7f1/Editor/Data/MonoBleedingEdge/lib/mono/unityjit'
Mono config path = 'C:/Program Files/Unity/Hub/Editor/2020.3.7f1/Editor/Data/MonoBleedingEdge/etc'
Using monoOptions --debugger-agent=transport=dt_socket,embedding=1,server=y,suspend=n,address=127.0.0.1:56116
Begin MonoManager ReloadAssembly
Registering precompiled unity dll's ...
Register platform support module: C:/Program Files/Unity/Hub/Editor/2020.3.7f1/Editor/Data/PlaybackEngines/WebGLSupport/UnityEditor.WebGL.Extensions.dll
Register platform support module: C:/Program Files/Unity/Hub/Editor/2020.3.7f1/Editor/Data/PlaybackEngines/WindowsStandaloneSupport/UnityEditor.WindowsStandalone.Extensions.dll
Registered in 0.003844 seconds.
Native extension for WindowsStandalone target not found
Native extension for WebGL target not found
Refreshing native plugins compatible for Editor in 81.80 ms, found 0 plugins.
Preloading 0 native plugins for Editor in 0.00 ms.
Mono: successfully reloaded assembly
- Completed reload, in  1.651 seconds
Platform modules already initialized, skipping
Registering precompiled user dll's ...
Registered in 0.002224 seconds.
Begin MonoManager ReloadAssembly
Native extension for WindowsStandalone target not found
Native extension for WebGL target not found
Refreshing native plugins compatible for Editor in 89.73 ms, found 0 plugins.
Preloading 0 native plugins for Editor in 0.00 ms.
Mono: successfully reloaded assembly
- Completed reload, in  1.451 seconds
Platform modules already initialized, skipping
========================================================================
Worker process is ready to serve import requests
Shader 'Universal Render Pipeline/Particles/Lit': fallback shader 'Universal Render Pipeline/Particles/SimpleLit' not found
Launched and connected shader compiler UnityShaderCompiler.exe after 0.05 seconds
Refreshing native plugins compatible for Editor in 0.70 ms, found 0 plugins.
Preloading 0 native plugins for Editor in 0.00 ms.
Unloading 2469 Unused Serialized files (Serialized files now loaded: 0)
System memory in use before: 123.4 MB.
System memory in use after: 123.5 MB.

Unloading 10 unused Assets to reduce memory usage. Loaded Objects now: 2911.
Total: 3.538900 ms (FindLiveObjects: 0.580100 ms CreateObjectMapping: 0.287400 ms MarkObjects: 2.565900 ms  DeleteObjects: 0.103600 ms)

========================================================================
Received Import Request.
  path: Assets/Scripts/DemonBehavior.cs
  artifactKey: Guid(6e538f16df1f94d419eeff01dd39d71a) Importer(815301076,1909f56bfc062723c751e8b465ee728b)
Start importing Assets/Scripts/DemonBehavior.cs using Guid(6e538f16df1f94d419eeff01dd39d71a) Importer(815301076,1909f56bfc062723c751e8b465ee728b)  -> (artifact id: 'b0dc748f9e21981669e3bb75858d8b22') in 0.443696 seconds
  Import took 0.449876 seconds .

========================================================================
Received Import Request.
  Time since last request: 290.197899 seconds.
  path: Assets/Scripts/DemonBehavior.cs
  artifactKey: Guid(6e538f16df1f94d419eeff01dd39d71a) Importer(815301076,1909f56bfc062723c751e8b465ee728b)
Start importing Assets/Scripts/DemonBehavior.cs using Guid(6e538f16df1f94d419eeff01dd39d71a) Importer(815301076,1909f56bfc062723c751e8b465ee728b)  -> (artifact id: '4962eeade1a7fe5815b5d5570f1855ec') in 0.003778 seconds
  Import took 0.093064 seconds .

========================================================================
Received Import Request.
  Time since last request: 3.960714 seconds.
  path: Assets/Scripts/DemonBehavior.cs
  artifactKey: Guid(6e538f16df1f94d419eeff01dd39d71a) Importer(815301076,1909f56bfc062723c751e8b465ee728b)
Start importing Assets/Scripts/DemonBehavior.cs using Guid(6e538f16df1f94d419eeff01dd39d71a) Importer(815301076,1909f56bfc062723c751e8b465ee728b)  -> (artifact id: '02fb7b52070383b3745490c80c4fbf2d') in 0.003738 seconds
  Import took 0.008730 seconds .

========================================================================
Received Import Request.
  Time since last request: 1695.069533 seconds.
  path: Assets/Scripts/DemonBehavior.cs
  artifactKey: Guid(6e538f16df1f94d419eeff01dd39d71a) Importer(815301076,1909f56bfc062723c751e8b465ee728b)
Start importing Assets/Scripts/DemonBehavior.cs using Guid(6e538f16df1f94d419eeff01dd39d71a) Importer(815301076,1909f56bfc062723c751e8b465ee728b)  -> (artifact id: '908ddc1405e43950d61e8f58dde51be3') in 0.012832 seconds
  Import took 0.018610 seconds .

========================================================================
Received Import Request.
  Time since last request: 9.608197 seconds.
  path: Assets/Scripts/DemonBehavior.cs
  artifactKey: Guid(6e538f16df1f94d419eeff01dd39d71a) Importer(815301076,1909f56bfc062723c751e8b465ee728b)
Start importing Assets/Scripts/DemonBehavior.cs using Guid(6e538f16df1f94d419eeff01dd39d71a) Importer(815301076,1909f56bfc062723c751e8b465ee728b)  -> (artifact id: 'dd88caf162b4d1fe73b9796b03039a9f') in 0.004080 seconds
  Import took 0.009037 seconds .

========================================================================
Received Import Request.
  Time since last request: 5.771329 seconds.
  path: Assets/Scripts/DemonBehavior.cs
  artifactKey: Guid(6e538f16df1f94d419eeff01dd39d71a) Importer(815301076,1909f56bfc062723c751e8b465ee728b)
Start importing Assets/Scripts/DemonBehavior.cs using Guid(6e538f16df1f94d419eeff01dd39d71a) Importer(815301076,1909f56bfc062723c751e8b465ee728b)  -> (artifact id: 'ab4ea1f2ec2d9e9c52bca884d32571fd') in 0.004419 seconds
  Import took 0.010628 seconds .

========================================================================
Received Import Request.
  Time since last request: 21.741473 seconds.
  path: Assets/Scripts/DemonBehavior.cs
  artifactKey: Guid(6e538f16df1f94d419eeff01dd39d71a) Importer(815301076,1909f56bfc062723c751e8b465ee728b)
Start importing Assets/Scripts/DemonBehavior.cs using Guid(6e538f16df1f94d419eeff01dd39d71a) Importer(815301076,1909f56bfc062723c751e8b465ee728b)  -> (artifact id: '000e6d17751549d2aaa528adf8ece1b4') in 0.003833 seconds
  Import took 0.009624 seconds .

========================================================================
Received Import Request.
  Time since last request: 7.387975 seconds.
  path: Assets/Scripts/DemonBehavior.cs
  artifactKey: Guid(6e538f16df1f94d419eeff01dd39d71a) Importer(815301076,1909f56bfc062723c751e8b465ee728b)
Start importing Assets/Scripts/DemonBehavior.cs using Guid(6e538f16df1f94d419eeff01dd39d71a) Importer(815301076,1909f56bfc062723c751e8b465ee728b)  -> (artifact id: 'd52c98c27adc6dbc1fe3d9ded4d6e1c2') in 0.004308 seconds
  Import took 0.009712 seconds .

========================================================================
Received Import Request.
  Time since last request: 159.563460 seconds.
  path: Assets/Scripts/DemonBehavior.cs
  artifactKey: Guid(6e538f16df1f94d419eeff01dd39d71a) Importer(815301076,1909f56bfc062723c751e8b465ee728b)
Start importing Assets/Scripts/DemonBehavior.cs using Guid(6e538f16df1f94d419eeff01dd39d71a) Importer(815301076,1909f56bfc062723c751e8b465ee728b)  -> (artifact id: '75725641954d8b97625a9e142739d4d8') in 0.004526 seconds
  Import took 0.010183 seconds .

========================================================================
Received Import Request.
  Time since last request: 11.973485 seconds.
  path: Assets/Scripts/DemonBehavior.cs
  artifactKey: Guid(6e538f16df1f94d419eeff01dd39d71a) Importer(815301076,1909f56bfc062723c751e8b465ee728b)
Start importing Assets/Scripts/DemonBehavior.cs using Guid(6e538f16df1f94d419eeff01dd39d71a) Importer(815301076,1909f56bfc062723c751e8b465ee728b)  -> (artifact id: '206a9276d030f731640fcff97a94a19d') in 0.004161 seconds
  Import took 0.009595 seconds .

========================================================================
Received Import Request.
  Time since last request: 11.378053 seconds.
  path: Assets/Scripts/DemonBehavior.cs
  artifactKey: Guid(6e538f16df1f94d419eeff01dd39d71a) Importer(815301076,1909f56bfc062723c751e8b465ee728b)
Start importing Assets/Scripts/DemonBehavior.cs using Guid(6e538f16df1f94d419eeff01dd39d71a) Importer(815301076,1909f56bfc062723c751e8b465ee728b)  -> (artifact id: 'ba11f7c3e0749b63215c7338fd1fb254') in 0.004080 seconds
  Import took 0.010311 seconds .

AssetImportWorkerClient::OnTransportError - code=2 error=End of file
